2025-02-20 04:45:18,120 - INFO - HTTP Request: POST https://ping.telex.im/v1/webhooks/019517d3-7a2e-7f80-8cfb-614494172063 "HTTP/1.1 202 Accepted"
2025-02-20 05:32:42,219 - INFO - HTTP Request: POST https://ping.telex.im/v1/webhooks/019517d3-7a2e-7f80-8cfb-614494172063 "HTTP/1.1 202 Accepted"
2025-02-20 05:37:51,891 - INFO - HTTP Request: POST https://ping.telex.im/v1/webhooks/019517d3-7a2e-7f80-8cfb-614494172063 "HTTP/1.1 202 Accepted"
2025-02-20 05:42:47,375 - INFO - HTTP Request: POST https://ping.telex.im/v1/webhooks/019517d3-7a2e-7f80-8cfb-614494172063 "HTTP/1.1 202 Accepted"
2025-02-20 06:01:12,687 - INFO - HTTP Request: POST https://ping.telex.im/v1/webhooks/YOUR_WEBHOOK_ID "HTTP/1.1 202 Accepted"
2025-02-20 06:02:04,163 - INFO - HTTP Request: POST https://ping.telex.im/v1/webhooks/019517d3-7a2e-7f80-8cfb-614494172063 "HTTP/1.1 202 Accepted"
2025-02-20 06:09:41,535 - INFO - HTTP Request: POST https://ping.telex.im/v1/webhooks/019517d3-7a2e-7f80-8cfb-614494172063 "HTTP/1.1 202 Accepted"
2025-02-20 06:10:10,695 - INFO - HTTP Request: POST https://ping.telex.im/v1/webhooks/019517d3-7a2e-7f80-8cfb-614494172063 "HTTP/1.1 202 Accepted"
2025-02-20 06:18:38,387 - INFO - HTTP Request: POST https://ping.telex.im/v1/webhooks/019517d3-7a2e-7f80-8cfb-614494172063 "HTTP/1.1 202 Accepted"
2025-02-20 06:42:28,527 - INFO - HTTP Request: POST https://ping.telex.im/v1/webhooks/019517d3-7a2e-7f80-8cfb-614494172063 "HTTP/1.1 202 Accepted"
2025-02-20 08:21:46,612 - INFO - HTTP Request: POST https://ping.telex.im/v1/webhooks/019517d3-7a2e-7f80-8cfb-614494172063 "HTTP/1.1 202 Accepted"
2025-02-21 04:32:24,633 - INFO - HTTP Request: POST https://ping.telex.im/v1/webhooks/019517d3-7a2e-7f80-8cfb-614494172063 "HTTP/1.1 202 Accepted"
2025-02-21 04:42:45,274 - INFO - Job: Test Job - warning: No executions found in the last 24 hours
2025-02-21 04:42:46,284 - INFO - HTTP Request: POST https://ping.telex.im/v1/webhooks/019517d3-7a2e-7f80-8cfb-614494172063 "HTTP/1.1 202 Accepted"
2025-02-21 04:55:23,816 - INFO - HTTP Request: POST https://ping.telex.im/v1/webhooks/019517d3-7a2e-7f80-8cfb-614494172063 "HTTP/1.1 202 Accepted"
2025-02-21 04:58:01,816 - INFO - HTTP Request: POST https://ping.telex.im/v1/webhooks/019517d3-7a2e-7f80-8cfb-614494172063 "HTTP/1.1 202 Accepted"
2025-02-21 05:00:22,282 - INFO - Job: Test Job - warning: No executions found in the last 24 hours
2025-02-21 05:00:23,731 - INFO - HTTP Request: POST https://ping.telex.im/v1/webhooks/019517d3-7a2e-7f80-8cfb-614494172063 "HTTP/1.1 202 Accepted"
2025-02-22 00:49:23,749 - INFO - Job: Test Job - warning: No executions found in the last 24 hours
2025-02-22 00:49:25,159 - INFO - HTTP Request: POST https://ping.telex.im/v1/webhooks/019517d3-7a2e-7f80-8cfb-614494172063 "HTTP/1.1 202 Accepted"
2025-02-22 00:58:54,453 - INFO - HTTP Request: POST https://ping.telex.im/v1/webhooks/019517d3-7a2e-7f80-8cfb-614494172063 "HTTP/1.1 202 Accepted"
2025-02-22 01:01:44,848 - INFO - HTTP Request: POST https://ping.telex.im/v1/webhooks/019517d3-7a2e-7f80-8cfb-614494172063 "HTTP/1.1 202 Accepted"
2025-02-22 01:03:42,161 - INFO - Job: backup_job - warning: No executions found in the last 24 hours
2025-02-22 01:03:42,162 - INFO - Job: log_rotation - warning: No executions found in the last 24 hours
2025-02-22 01:03:43,731 - INFO - HTTP Request: POST https://ping.telex.im/v1/webhooks/019517d3-7a2e-7f80-8cfb-614494172063 "HTTP/1.1 202 Accepted"
2025-02-22 01:06:31,827 - INFO - Job: backup_job - warning: No executions found in the last 24 hours
2025-02-22 01:06:31,829 - INFO - Job: log_rotation - warning: No executions found in the last 24 hours
2025-02-22 01:06:32,947 - INFO - HTTP Request: POST https://ping.telex.im/v1/webhooks/019517d3-7a2e-7f80-8cfb-614494172063 "HTTP/1.1 202 Accepted"
2025-02-22 12:48:18,165 - INFO - Job: Daily Backup - warning: No executions found in the last 24 hours
2025-02-22 12:48:19,370 - INFO - HTTP Request: POST https://ping.telex.im/v1/webhooks/01952dfb-2617-73a1-b742-b7f5ecfe6960 "HTTP/1.1 202 Accepted"
2025-02-22 12:52:05,123 - INFO - HTTP Request: POST https://ping.telex.im/v1/webhooks/01952c5a-d68b-7c5f-bd0e-6e691c8a7f35 "HTTP/1.1 202 Accepted"
2025-02-22 12:54:56,118 - INFO - Job: Daily Backup - warning: No executions found in the last 24 hours
2025-02-22 12:54:57,179 - INFO - HTTP Request: POST https://ping.telex.im/v1/webhooks/01952c5a-d68b-7c5f-bd0e-6e691c8a7f35 "HTTP/1.1 202 Accepted"
2025-02-22 12:58:09,806 - INFO - HTTP Request: POST https://ping.telex.im/v1/webhooks/01952c5a-d68b-7c5f-bd0e-6e691c8a7f35 "HTTP/1.1 202 Accepted"
2025-02-22 13:04:14,402 - INFO - HTTP Request: POST https://ping.telex.im/v1/webhooks/01952c5a-d68b-7c5f-bd0e-6e691c8a7f35 "HTTP/1.1 202 Accepted"
2025-02-22 13:06:47,518 - INFO - Job: Daily Backup - warning: No executions found in the last 24 hours
2025-02-22 13:06:50,027 - INFO - HTTP Request: POST https://ping.telex.im/v1/webhooks/01952c5a-d68b-7c5f-bd0e-6e691c8a7f35 "HTTP/1.1 202 Accepted"
2025-02-22 13:07:35,609 - INFO - Job: Daily Backup - warning: No executions found in the last 24 hours
2025-02-22 13:07:36,560 - INFO - HTTP Request: POST https://ping.telex.im/v1/webhooks/01952c5a-d68b-7c5f-bd0e-6e691c8a7f35 "HTTP/1.1 202 Accepted"
2025-02-22 13:11:47,189 - INFO - Job: Daily Backup - warning: No executions found in the last 24 hours
2025-02-22 13:11:48,383 - INFO - HTTP Request: POST https://ping.telex.im/v1/webhooks/01952c5a-d68b-7c5f-bd0e-6e691c8a7f35 "HTTP/1.1 202 Accepted"
2025-02-22 13:12:32,910 - INFO - Job: Daily Backup - warning: No executions found in the last 24 hours
2025-02-22 13:12:34,961 - INFO - HTTP Request: POST https://ping.telex.im/v1/webhooks/01952c5a-d68b-7c5f-bd0e-6e691c8a7f35 "HTTP/1.1 202 Accepted"
2025-02-22 13:13:12,682 - INFO - HTTP Request: POST https://ping.telex.im/v1/webhooks/01952c5a-d68b-7c5f-bd0e-6e691c8a7f35 "HTTP/1.1 202 Accepted"
2025-02-22 13:18:13,683 - INFO - Job: Daily Backup - warning: No executions found in the last 24 hours
2025-02-22 13:18:15,406 - INFO - HTTP Request: POST https://ping.telex.im/v1/webhooks/01952c5a-d68b-7c5f-bd0e-6e691c8a7f35 "HTTP/1.1 202 Accepted"
2025-02-22 13:22:35,551 - INFO - Job: backup-job - warning: No executions found in the last 24 hours
2025-02-22 13:22:35,551 - INFO - Job: cleanup-job - warning: No executions found in the last 24 hours
2025-02-22 13:22:36,439 - INFO - HTTP Request: POST https://ping.telex.im/v1/webhooks/01952c5a-d68b-7c5f-bd0e-6e691c8a7f35 "HTTP/1.1 202 Accepted"
2025-02-22 13:23:18,781 - INFO - Job: backup-job - warning: No executions found in the last 24 hours
2025-02-22 13:23:18,782 - INFO - Job: cleanup-job - warning: No executions found in the last 24 hours
2025-02-22 13:23:20,009 - INFO - HTTP Request: POST https://ping.telex.im/v1/webhooks/01952c5a-d68b-7c5f-bd0e-6e691c8a7f35 "HTTP/1.1 202 Accepted"
2025-02-22 13:30:32,470 - INFO - Job: backup-job - warning: No executions found in the last 24 hours
2025-02-22 13:30:32,471 - INFO - Job: cleanup-job - warning: No executions found in the last 24 hours
2025-02-22 13:30:33,736 - INFO - HTTP Request: POST https://ping.telex.im/v1/webhooks/01952c5a-d68b-7c5f-bd0e-6e691c8a7f35 "HTTP/1.1 202 Accepted"
2025-02-22 13:31:21,291 - INFO - HTTP Request: POST https://ping.telex.im/v1/webhooks/01952c5a-d68b-7c5f-bd0e-6e691c8a7f35 "HTTP/1.1 202 Accepted"
2025-02-22 13:31:56,975 - INFO - HTTP Request: POST https://ping.telex.im/v1/webhooks/01952c5a-d68b-7c5f-bd0e-6e691c8a7f35 "HTTP/1.1 202 Accepted"
